2025-11-15 11:52:57 INFO  org.hibernate.validator.internal.util.Version - HV000001: Hibernate Validator 8.0.1.Final
2025-11-15 11:52:57 INFO  com.company.demo.DemoApplication - Starting DemoApplication using Java 17.0.12 with PID 8832 (D:\final-corrected-starter-demo\demo\target\classes started by HP in D:\final-corrected-starter-demo\demo)
2025-11-15 11:52:57 INFO  com.company.demo.DemoApplication - No active profile set, falling back to 1 default profile: "default"
2025-11-15 11:52:57 INFO  o.s.boot.web.embedded.tomcat.TomcatWebServer - Tomcat initialized with port 8080 (http)
2025-11-15 11:52:57 INFO  org.apache.coyote.http11.Http11NioProtocol - Initializing ProtocolHandler ["http-nio-8080"]
2025-11-15 11:52:57 INFO  org.apache.catalina.core.StandardService - Starting service [Tomcat]
2025-11-15 11:52:57 INFO  org.apache.catalina.core.StandardEngine - Starting Servlet engine: [Apache Tomcat/10.1.30]
2025-11-15 11:52:57 INFO  o.a.c.core.ContainerBase.[Tomcat].[localhost].[/] - Initializing Spring embedded WebApplicationContext
2025-11-15 11:52:57 INFO  o.s.b.w.s.c.ServletWebServerApplicationContext - Root WebApplicationContext: initialization completed in 654 ms
2025-11-15 11:52:57 INFO  c.c.c.e.config.GlobalExceptionAutoConfiguration - ? Global Exception Handling Starter: Auto-configuration initialized successfully.
2025-11-15 11:52:57 INFO  c.c.c.e.config.GlobalExceptionAutoConfiguration - ? Registering TraceIdFilter bean (traceId will be added to MDC)
2025-11-15 11:52:57 INFO  c.c.c.e.config.GlobalExceptionAutoConfiguration - ? Registering GlobalExceptionHandler bean
2025-11-15 11:52:58 INFO  org.apache.coyote.http11.Http11NioProtocol - Starting ProtocolHandler ["http-nio-8080"]
2025-11-15 11:52:58 INFO  o.s.boot.web.embedded.tomcat.TomcatWebServer - Tomcat started on port 8080 (http) with context path '/'
2025-11-15 11:52:58 INFO  com.company.demo.DemoApplication - Started DemoApplication in 1.251 seconds (process running for 1.445)
2025-11-15 11:53:56 INFO  o.a.c.core.ContainerBase.[Tomcat].[localhost].[/] - Initializing Spring DispatcherServlet 'dispatcherServlet'
2025-11-15 11:53:56 INFO  org.springframework.web.servlet.DispatcherServlet - Initializing Servlet 'dispatcherServlet'
2025-11-15 11:53:56 INFO  org.springframework.web.servlet.DispatcherServlet - Completed initialization in 1 ms
2025-11-15 11:54:12 WARN  c.c.c.exception.handler.GlobalExceptionHandler - Handled Exception | type=ResourceNotFoundException | path=/api/users/999 | message=User 999 not found | traceId=7f433142-6868-4456-8bb3-c34940cb913d
2025-11-15 11:54:12 WARN  c.c.c.exception.handler.GlobalExceptionHandler - Error occurred: status=404, error=Not Found, message=User 999 not found, path=/api/users/999, traceId=7f433142-6868-4456-8bb3-c34940cb913d
2025-11-15 11:54:35 WARN  c.c.c.exception.handler.GlobalExceptionHandler - Handled Exception | type=InvalidRequestException | path=/api/users/0 | message=Invalid ID | traceId=b507e7e4-aa14-4581-80e8-772d2e100736
2025-11-15 11:54:35 WARN  c.c.c.exception.handler.GlobalExceptionHandler - Error occurred: status=400, error=Bad Request, message=Invalid ID, path=/api/users/0, traceId=b507e7e4-aa14-4581-80e8-772d2e100736
